0 info it worked if it ends with ok
1 verbose cli [ '/usr/local/bin/iojs', '/usr/local/bin/npm', 'start' ]
2 info using npm@2.8.3
3 info using node@v1.8.1
4 verbose run-script [ 'prestart', 'start', 'poststart' ]
5 info prestart node-drone-server-base@0.0.1
6 info start node-drone-server-base@0.0.1
7 verbose unsafe-perm in lifecycle true
8 info node-drone-server-base@0.0.1 Failed to exec start script
9 verbose stack Error: node-drone-server-base@0.0.1 start: `node .`
9 verbose stack Exit status 1
9 verbose stack     at EventEmitter.<anonymous> (/usr/local/lib/node_modules/npm/lib/utils/lifecycle.js:213:16)
9 verbose stack     at emitTwo (events.js:87:13)
9 verbose stack     at EventEmitter.emit (events.js:169:7)
9 verbose stack     at ChildProcess.<anonymous> (/usr/local/lib/node_modules/npm/lib/utils/spawn.js:24:14)
9 verbose stack     at emitTwo (events.js:87:13)
9 verbose stack     at ChildProcess.emit (events.js:169:7)
9 verbose stack     at maybeClose (child_process.js:953:16)
9 verbose stack     at Process.ChildProcess._handle.onexit (child_process.js:1020:5)
10 verbose pkgid node-drone-server-base@0.0.1
11 verbose cwd /Users/corzo/Downloads/node-drone-server-base-master
12 error Darwin 14.3.0
13 error argv "/usr/local/bin/iojs" "/usr/local/bin/npm" "start"
14 error node v1.8.1
15 error npm  v2.8.3
16 error code ELIFECYCLE
17 error node-drone-server-base@0.0.1 start: `node .`
17 error Exit status 1
18 error Failed at the node-drone-server-base@0.0.1 start script 'node .'.
18 error This is most likely a problem with the node-drone-server-base package,
18 error not with npm itself.
18 error Tell the author that this fails on your system:
18 error     node .
18 error You can get their info via:
18 error     npm owner ls node-drone-server-base
18 error There is likely additional logging output above.
19 verbose exit [ 1, true ]
